Unity Editor version:    2021.3.3f1 (af2e63e8f9bd)
Branch:                  2021.3/staging
Build type:              Release
Batch mode:              YES
macOS version:           Version 10.15.7 (Build 19H1922)
Darwin version:          19.6.0
Architecture:            x86_64
Running under Rosetta:   NO
Available memory:        8192 MB
Using pre-set license
Pro License: YES

COMMAND LINE ARGUMENTS:
/Applications/Unity/Hub/Editor/2021.3.3f1/Unity.app/Contents/MacOS/Unity
-adb2
-batchMode
-noUpm
-name
AssetImportWorker3
-projectPath
/Users/rodrigozandonadi/Documents/Desenvolvimento/unity/apocalipse-zumbi-alura
-logFile
Logs/AssetImportWorker3.log
-srvPort
49564
Successfully changed project path to: /Users/rodrigozandonadi/Documents/Desenvolvimento/unity/apocalipse-zumbi-alura
/Users/rodrigozandonadi/Documents/Desenvolvimento/unity/apocalipse-zumbi-alura
[UnityMemory] Configuration Parameters - Can be set up in boot.config
    "memorysetup-bucket-allocator-granularity=16"
    "memorysetup-bucket-allocator-bucket-count=8"
    "memorysetup-bucket-allocator-block-size=33554432"
    "memorysetup-bucket-allocator-block-count=8"
    "memorysetup-main-allocator-block-size=16777216"
    "memorysetup-thread-allocator-block-size=16777216"
    "memorysetup-gfx-main-allocator-block-size=16777216"
    "memorysetup-gfx-thread-allocator-block-size=16777216"
    "memorysetup-cache-allocator-block-size=4194304"
    "memorysetup-typetree-allocator-block-size=2097152"
    "memorysetup-profiler-bucket-allocator-granularity=16"
    "memorysetup-profiler-bucket-allocator-bucket-count=8"
    "memorysetup-profiler-bucket-allocator-block-size=33554432"
    "memorysetup-profiler-bucket-allocator-block-count=8"
    "memorysetup-profiler-allocator-block-size=16777216"
    "memorysetup-profiler-editor-allocator-block-size=1048576"
    "memorysetup-temp-allocator-size-main=16777216"
    "memorysetup-job-temp-allocator-block-size=2097152"
    "memorysetup-job-temp-allocator-block-size-background=1048576"
    "memorysetup-job-temp-allocator-reduction-small-platforms=262144"
    "memorysetup-temp-allocator-size-background-worker=32768"
    "memorysetup-temp-allocator-size-job-worker=262144"
    "memorysetup-temp-allocator-size-preload-manager=33554432"
    "memorysetup-temp-allocator-size-nav-mesh-worker=65536"
    "memorysetup-temp-allocator-size-audio-worker=65536"
    "memorysetup-temp-allocator-size-cloud-worker=32768"
    "memorysetup-temp-allocator-size-gi-baking-worker=262144"
    "memorysetup-temp-allocator-size-gfx=262144"
Refreshing native plugins compatible for Editor in 120.40 ms, found 2 plugins.
Preloading 0 native plugins for Editor in 0.00 ms.
Initialize engine version: 2021.3.3f1 (af2e63e8f9bd)
[Subsystems] Discovering subsystems at path /Applications/Unity/Hub/Editor/2021.3.3f1/Unity.app/Contents/Resources/UnitySubsystems
[Subsystems] Discovering subsystems at path /Users/rodrigozandonadi/Documents/Desenvolvimento/unity/apocalipse-zumbi-alura/Assets
GfxDevice: creating device client; threaded=0; jobified=0
iMac preferred device: NVIDIA GeForce GT 640M (high power)
Metal devices available: 1
0: NVIDIA GeForce GT 640M (high power)
Using device NVIDIA GeForce GT 640M (high power)
Initializing Metal device caps: NVIDIA GeForce GT 640M
Initialize mono
Mono path[0] = '/Applications/Unity/Hub/Editor/2021.3.3f1/Unity.app/Contents/Managed'
Mono path[1] = '/Applications/Unity/Hub/Editor/2021.3.3f1/Unity.app/Contents/MonoBleedingEdge/lib/mono/unityjit-macos'
Mono config path = '/Applications/Unity/Hub/Editor/2021.3.3f1/Unity.app/Contents/MonoBleedingEdge/etc'
Using monoOptions --debugger-agent=transport=dt_socket,embedding=1,server=y,suspend=n,address=127.0.0.1:56990
Begin MonoManager ReloadAssembly
Registering precompiled unity dll's ...
Register platform support module: /Applications/Unity/Hub/Editor/2021.3.3f1/PlaybackEngines/WebGLSupport/UnityEditor.WebGL.Extensions.dll
Register platform support module: /Applications/Unity/Hub/Editor/2021.3.3f1/Unity.app/Contents/PlaybackEngines/MacStandaloneSupport/UnityEditor.OSXStandalone.Extensions.dll
Registered in 0.002499 seconds.
Native extension for OSXStandalone target not found
Native extension for WebGL target not found
Refreshing native plugins compatible for Editor in 121.59 ms, found 2 plugins.
Preloading 0 native plugins for Editor in 0.00 ms.
Mono: successfully reloaded assembly
- Completed reload, in  1.211 seconds
Domain Reload Profiling:
	ReloadAssembly (1212ms)
		BeginReloadAssembly (104ms)
			ExecutionOrderSort (0ms)
			DisableScriptedObjects (0ms)
			BackupInstance (0ms)
			ReleaseScriptingObjects (0ms)
			CreateAndSetChildDomain (1ms)
		EndReloadAssembly (891ms)
			LoadAssemblies (103ms)
			RebuildTransferFunctionScriptingTraits (0ms)
			SetupTypeCache (229ms)
			ReleaseScriptCaches (0ms)
			RebuildScriptCaches (58ms)
			SetupLoadedEditorAssemblies (515ms)
				LogAssemblyErrors (0ms)
				InitializePlatformSupportModulesInManaged (13ms)
				SetLoadedEditorAssemblies (0ms)
				RefreshPlugins (122ms)
				BeforeProcessingInitializeOnLoad (2ms)
				ProcessInitializeOnLoadAttributes (294ms)
				ProcessInitializeOnLoadMethodAttributes (83ms)
				AfterProcessingInitializeOnLoad (0ms)
				EditorAssembliesLoaded (0ms)
			ExecutionOrderSort2 (0ms)
			AwakeInstancesAfterBackupRestoration (0ms)
Platform modules already initialized, skipping
Registering precompiled user dll's ...
Registered in 0.003324 seconds.
Begin MonoManager ReloadAssembly
Symbol file LoadedFromMemory doesn't match image /Users/rodrigozandonadi/Documents/Desenvolvimento/unity/apocalipse-zumbi-alura/Library/PackageCache/com.unity.visualscripting@1.7.6/Editor/VisualScripting.Core/Dependencies/YamlDotNet/Unity.VisualScripting.YamlDotNet.dll
Symbol file LoadedFromMemory doesn't match image /Users/rodrigozandonadi/Documents/Desenvolvimento/unity/apocalipse-zumbi-alura/Library/PackageCache/com.unity.visualscripting@1.7.6/Editor/VisualScripting.Core/Dependencies/DotNetZip/Unity.VisualScripting.IonicZip.dll
Native extension for OSXStandalone target not found
Native extension for WebGL target not found
Refreshing native plugins compatible for Editor in 0.77 ms, found 2 plugins.
Preloading 0 native plugins for Editor in 0.00 ms.
Mono: successfully reloaded assembly
- Completed reload, in  4.500 seconds
Domain Reload Profiling:
	ReloadAssembly (4501ms)
		BeginReloadAssembly (190ms)
			ExecutionOrderSort (0ms)
			DisableScriptedObjects (11ms)
			BackupInstance (0ms)
			ReleaseScriptingObjects (0ms)
			CreateAndSetChildDomain (48ms)
		EndReloadAssembly (3809ms)
			LoadAssemblies (2156ms)
			RebuildTransferFunctionScriptingTraits (0ms)
			SetupTypeCache (474ms)
			ReleaseScriptCaches (1ms)
			RebuildScriptCaches (102ms)
			SetupLoadedEditorAssemblies (988ms)
				LogAssemblyErrors (0ms)
				InitializePlatformSupportModulesInManaged (9ms)
				SetLoadedEditorAssemblies (1ms)
				RefreshPlugins (1ms)
				BeforeProcessingInitializeOnLoad (123ms)
				ProcessInitializeOnLoadAttributes (590ms)
				ProcessInitializeOnLoadMethodAttributes (261ms)
				AfterProcessingInitializeOnLoad (3ms)
				EditorAssembliesLoaded (0ms)
			ExecutionOrderSort2 (0ms)
			AwakeInstancesAfterBackupRestoration (7ms)
Platform modules already initialized, skipping
========================================================================
Worker process is ready to serve import requests
Launching external process: /Applications/Unity/Hub/Editor/2021.3.3f1/Unity.app/Contents/Tools/UnityShaderCompiler
Launched and connected shader compiler UnityShaderCompiler after 0.49 seconds
Refreshing native plugins compatible for Editor in 0.67 ms, found 2 plugins.
Preloading 0 native plugins for Editor in 0.00 ms.
Unloading 3239 Unused Serialized files (Serialized files now loaded: 0)
Unloading 23 unused Assets / (80.6 KB). Loaded Objects now: 3699.
Memory consumption went from 210.6 MB to 210.5 MB.
Total: 4.912324 ms (FindLiveObjects: 0.368641 ms CreateObjectMapping: 0.160607 ms MarkObjects: 4.272621 ms  DeleteObjects: 0.108698 ms)

AssetImportParameters requested are different than current active one (requested -> active):
  custom:video-decoder-ogg-theora: a1e56fd34408186e4bbccfd4996cb3dc -> 
  custom:container-muxer-webm: aa71ff27fc2769a1b78a27578f13a17b -> 
  custom:container-demuxer-webm: 4f35f7cbe854078d1ac9338744f61a02 -> 
  custom:video-encoder-webm-vp8: eb34c28f22e8b96e1ab97ce403110664 -> 
  custom:framework-osx-AVFoundation: b23960f63f64bdc6ff669e2cdcee2391 -> 
  custom:audio-encoder-webm-vorbis: bf7c407c2cedff20999df2af8eb42d56 -> 
  custom:container-demuxer-ogg: 62fdf1f143b41e24485cea50d1cbac27 -> 
  custom:video-decoder-webm-vp8: 9c59270c3fd7afecdb556c50c9e8de78 -> 
  custom:audio-decoder-ogg-vorbis: bf7c407c2cedff20999df2af8eb42d56 -> 
========================================================================
Received Import Request.
  Time since last request: 1357.390220 seconds.
  path: Assets/Texturas/Cenario.png
  artifactKey: Guid(4ff1af79d71131d4baa930635e93b073) Importer(815301076,1909f56bfc062723c751e8b465ee728b)
Start importing Assets/Texturas/Cenario.png using Guid(4ff1af79d71131d4baa930635e93b073) Importer(815301076,1909f56bfc062723c751e8b465ee728b)  -> (artifact id: 'f43335194f72fd1c64971443747bd09c') in 6.134902 seconds 
========================================================================
Received Import Request.
  Time since last request: 197.887110 seconds.
  path: Assets/Hotel_Destruido.prefab
  artifactKey: Guid(7b8023f8e5a9740bc8a353053d5294d3) Importer(815301076,1909f56bfc062723c751e8b465ee728b)
Start importing Assets/Hotel_Destruido.prefab using Guid(7b8023f8e5a9740bc8a353053d5294d3) Importer(815301076,1909f56bfc062723c751e8b465ee728b)  -> (artifact id: '5f0fbf6e8fdfbb852b45f0eebc68db6e') in 4.163108 seconds 
========================================================================
Received Import Request.
  Time since last request: 66.991783 seconds.
  path: Assets/Hotel_Secundario_Destruido.prefab
  artifactKey: Guid(847d7f440064148f0a05c419da10ac30) Importer(815301076,1909f56bfc062723c751e8b465ee728b)
Start importing Assets/Hotel_Secundario_Destruido.prefab using Guid(847d7f440064148f0a05c419da10ac30) Importer(815301076,1909f56bfc062723c751e8b465ee728b)  -> (artifact id: '32eaea38de771cc75238aa851bec4f6c') in 1.311788 seconds 
========================================================================
Received Import Request.
  Time since last request: 11.923275 seconds.
  path: Assets/Hotel_Estacionamento_Destruido Variant.prefab
  artifactKey: Guid(5dc03c0edbcfa4468871173afb1cdd51) Importer(815301076,1909f56bfc062723c751e8b465ee728b)
Start importing Assets/Hotel_Estacionamento_Destruido Variant.prefab using Guid(5dc03c0edbcfa4468871173afb1cdd51) Importer(815301076,1909f56bfc062723c751e8b465ee728b)  -> (artifact id: '5b36851f206e758896fba1adea2298e9') in 0.182209 seconds 
========================================================================
Received Import Request.
  Time since last request: 20.396467 seconds.
  path: Assets/Hotel_Estacionamento_Destruido.prefab
  artifactKey: Guid(e0f483f690d7f499fa3678b9a6dc3d83) Importer(815301076,1909f56bfc062723c751e8b465ee728b)
Start importing Assets/Hotel_Estacionamento_Destruido.prefab using Guid(e0f483f690d7f499fa3678b9a6dc3d83) Importer(815301076,1909f56bfc062723c751e8b465ee728b)  -> (artifact id: 'b7dd114baa61de7a12f8b4ea78308b8f') in 0.147229 seconds 
========================================================================
Received Import Request.
  Time since last request: 34.936586 seconds.
  path: Assets/Prefabs
  artifactKey: Guid(0dff6789c807a420badadce740c14f6b) Importer(815301076,1909f56bfc062723c751e8b465ee728b)
Start importing Assets/Prefabs using Guid(0dff6789c807a420badadce740c14f6b) Importer(815301076,1909f56bfc062723c751e8b465ee728b)  -> (artifact id: '7cb18380d213ec768f16d6160f1c580e') in 0.111155 seconds 
========================================================================
Received Import Request.
  Time since last request: 41.691468 seconds.
  path: Assets/Prefabs/Ambiente
  artifactKey: Guid(d6ce329bdc3dc40469f1fb1d920f6c3a) Importer(815301076,1909f56bfc062723c751e8b465ee728b)
Start importing Assets/Prefabs/Ambiente using Guid(d6ce329bdc3dc40469f1fb1d920f6c3a) Importer(815301076,1909f56bfc062723c751e8b465ee728b)  -> (artifact id: '68323cdffc5bbd5f2db0a80ff762fa11') in 0.054898 seconds 
