Unity Editor version:    2021.3.3f1 (af2e63e8f9bd)
Branch:                  2021.3/staging
Build type:              Release
Batch mode:              YES
macOS version:           Version 10.15.7 (Build 19H1922)
Darwin version:          19.6.0
Architecture:            x86_64
Running under Rosetta:   NO
Available memory:        8192 MB
Using pre-set license
Pro License: YES

COMMAND LINE ARGUMENTS:
/Applications/Unity/Hub/Editor/2021.3.3f1/Unity.app/Contents/MacOS/Unity
-adb2
-batchMode
-noUpm
-name
AssetImportWorker4
-projectPath
/Users/rodrigozandonadi/Documents/Desenvolvimento/unity/apocalipse-zumbi-alura
-logFile
Logs/AssetImportWorker4.log
-srvPort
50204
Successfully changed project path to: /Users/rodrigozandonadi/Documents/Desenvolvimento/unity/apocalipse-zumbi-alura
/Users/rodrigozandonadi/Documents/Desenvolvimento/unity/apocalipse-zumbi-alura
[UnityMemory] Configuration Parameters - Can be set up in boot.config
    "memorysetup-bucket-allocator-granularity=16"
    "memorysetup-bucket-allocator-bucket-count=8"
    "memorysetup-bucket-allocator-block-size=33554432"
    "memorysetup-bucket-allocator-block-count=8"
    "memorysetup-main-allocator-block-size=16777216"
    "memorysetup-thread-allocator-block-size=16777216"
    "memorysetup-gfx-main-allocator-block-size=16777216"
    "memorysetup-gfx-thread-allocator-block-size=16777216"
    "memorysetup-cache-allocator-block-size=4194304"
    "memorysetup-typetree-allocator-block-size=2097152"
    "memorysetup-profiler-bucket-allocator-granularity=16"
    "memorysetup-profiler-bucket-allocator-bucket-count=8"
    "memorysetup-profiler-bucket-allocator-block-size=33554432"
    "memorysetup-profiler-bucket-allocator-block-count=8"
    "memorysetup-profiler-allocator-block-size=16777216"
    "memorysetup-profiler-editor-allocator-block-size=1048576"
    "memorysetup-temp-allocator-size-main=16777216"
    "memorysetup-job-temp-allocator-block-size=2097152"
    "memorysetup-job-temp-allocator-block-size-background=1048576"
    "memorysetup-job-temp-allocator-reduction-small-platforms=262144"
    "memorysetup-temp-allocator-size-background-worker=32768"
    "memorysetup-temp-allocator-size-job-worker=262144"
    "memorysetup-temp-allocator-size-preload-manager=33554432"
    "memorysetup-temp-allocator-size-nav-mesh-worker=65536"
    "memorysetup-temp-allocator-size-audio-worker=65536"
    "memorysetup-temp-allocator-size-cloud-worker=32768"
    "memorysetup-temp-allocator-size-gi-baking-worker=262144"
    "memorysetup-temp-allocator-size-gfx=262144"
Refreshing native plugins compatible for Editor in 118.44 ms, found 2 plugins.
Preloading 0 native plugins for Editor in 0.00 ms.
Initialize engine version: 2021.3.3f1 (af2e63e8f9bd)
[Subsystems] Discovering subsystems at path /Applications/Unity/Hub/Editor/2021.3.3f1/Unity.app/Contents/Resources/UnitySubsystems
[Subsystems] Discovering subsystems at path /Users/rodrigozandonadi/Documents/Desenvolvimento/unity/apocalipse-zumbi-alura/Assets
GfxDevice: creating device client; threaded=0; jobified=0
iMac preferred device: NVIDIA GeForce GT 640M (high power)
Metal devices available: 1
0: NVIDIA GeForce GT 640M (high power)
Using device NVIDIA GeForce GT 640M (high power)
Initializing Metal device caps: NVIDIA GeForce GT 640M
Initialize mono
Mono path[0] = '/Applications/Unity/Hub/Editor/2021.3.3f1/Unity.app/Contents/Managed'
Mono path[1] = '/Applications/Unity/Hub/Editor/2021.3.3f1/Unity.app/Contents/MonoBleedingEdge/lib/mono/unityjit-macos'
Mono config path = '/Applications/Unity/Hub/Editor/2021.3.3f1/Unity.app/Contents/MonoBleedingEdge/etc'
Using monoOptions --debugger-agent=transport=dt_socket,embedding=1,server=y,suspend=n,address=127.0.0.1:56992
Begin MonoManager ReloadAssembly
Registering precompiled unity dll's ...
Register platform support module: /Applications/Unity/Hub/Editor/2021.3.3f1/PlaybackEngines/WebGLSupport/UnityEditor.WebGL.Extensions.dll
Register platform support module: /Applications/Unity/Hub/Editor/2021.3.3f1/Unity.app/Contents/PlaybackEngines/MacStandaloneSupport/UnityEditor.OSXStandalone.Extensions.dll
Registered in 0.002652 seconds.
Native extension for OSXStandalone target not found
Native extension for WebGL target not found
Refreshing native plugins compatible for Editor in 117.23 ms, found 2 plugins.
Preloading 0 native plugins for Editor in 0.00 ms.
Mono: successfully reloaded assembly
- Completed reload, in  1.192 seconds
Domain Reload Profiling:
	ReloadAssembly (1192ms)
		BeginReloadAssembly (103ms)
			ExecutionOrderSort (0ms)
			DisableScriptedObjects (0ms)
			BackupInstance (0ms)
			ReleaseScriptingObjects (0ms)
			CreateAndSetChildDomain (1ms)
		EndReloadAssembly (876ms)
			LoadAssemblies (102ms)
			RebuildTransferFunctionScriptingTraits (0ms)
			SetupTypeCache (230ms)
			ReleaseScriptCaches (0ms)
			RebuildScriptCaches (56ms)
			SetupLoadedEditorAssemblies (503ms)
				LogAssemblyErrors (0ms)
				InitializePlatformSupportModulesInManaged (13ms)
				SetLoadedEditorAssemblies (0ms)
				RefreshPlugins (117ms)
				BeforeProcessingInitializeOnLoad (2ms)
				ProcessInitializeOnLoadAttributes (290ms)
				ProcessInitializeOnLoadMethodAttributes (80ms)
				AfterProcessingInitializeOnLoad (0ms)
				EditorAssembliesLoaded (0ms)
			ExecutionOrderSort2 (0ms)
			AwakeInstancesAfterBackupRestoration (0ms)
Platform modules already initialized, skipping
Registering precompiled user dll's ...
Registered in 0.003593 seconds.
Begin MonoManager ReloadAssembly
Symbol file LoadedFromMemory doesn't match image /Users/rodrigozandonadi/Documents/Desenvolvimento/unity/apocalipse-zumbi-alura/Library/PackageCache/com.unity.visualscripting@1.7.6/Editor/VisualScripting.Core/Dependencies/YamlDotNet/Unity.VisualScripting.YamlDotNet.dll
Symbol file LoadedFromMemory doesn't match image /Users/rodrigozandonadi/Documents/Desenvolvimento/unity/apocalipse-zumbi-alura/Library/PackageCache/com.unity.visualscripting@1.7.6/Editor/VisualScripting.Core/Dependencies/DotNetZip/Unity.VisualScripting.IonicZip.dll
Native extension for OSXStandalone target not found
Native extension for WebGL target not found
Refreshing native plugins compatible for Editor in 0.80 ms, found 2 plugins.
Preloading 0 native plugins for Editor in 0.00 ms.
Mono: successfully reloaded assembly
- Completed reload, in  3.474 seconds
Domain Reload Profiling:
	ReloadAssembly (3476ms)
		BeginReloadAssembly (188ms)
			ExecutionOrderSort (0ms)
			DisableScriptedObjects (12ms)
			BackupInstance (0ms)
			ReleaseScriptingObjects (0ms)
			CreateAndSetChildDomain (48ms)
		EndReloadAssembly (2710ms)
			LoadAssemblies (988ms)
			RebuildTransferFunctionScriptingTraits (0ms)
			SetupTypeCache (478ms)
			ReleaseScriptCaches (1ms)
			RebuildScriptCaches (99ms)
			SetupLoadedEditorAssemblies (1059ms)
				LogAssemblyErrors (0ms)
				InitializePlatformSupportModulesInManaged (9ms)
				SetLoadedEditorAssemblies (1ms)
				RefreshPlugins (1ms)
				BeforeProcessingInitializeOnLoad (115ms)
				ProcessInitializeOnLoadAttributes (755ms)
				ProcessInitializeOnLoadMethodAttributes (176ms)
				AfterProcessingInitializeOnLoad (3ms)
				EditorAssembliesLoaded (0ms)
			ExecutionOrderSort2 (0ms)
			AwakeInstancesAfterBackupRestoration (7ms)
Platform modules already initialized, skipping
========================================================================
Worker process is ready to serve import requests
Launching external process: /Applications/Unity/Hub/Editor/2021.3.3f1/Unity.app/Contents/Tools/UnityShaderCompiler
Launched and connected shader compiler UnityShaderCompiler after 1.53 seconds
Refreshing native plugins compatible for Editor in 0.77 ms, found 2 plugins.
Preloading 0 native plugins for Editor in 0.00 ms.
Unloading 3239 Unused Serialized files (Serialized files now loaded: 0)
Unloading 23 unused Assets / (80.5 KB). Loaded Objects now: 3699.
Memory consumption went from 210.4 MB to 210.3 MB.
Total: 5.143568 ms (FindLiveObjects: 0.421309 ms CreateObjectMapping: 0.372131 ms MarkObjects: 4.233518 ms  DeleteObjects: 0.115107 ms)

AssetImportParameters requested are different than current active one (requested -> active):
  custom:video-decoder-ogg-theora: a1e56fd34408186e4bbccfd4996cb3dc -> 
  custom:container-muxer-webm: aa71ff27fc2769a1b78a27578f13a17b -> 
  custom:container-demuxer-webm: 4f35f7cbe854078d1ac9338744f61a02 -> 
  custom:video-encoder-webm-vp8: eb34c28f22e8b96e1ab97ce403110664 -> 
  custom:framework-osx-AVFoundation: b23960f63f64bdc6ff669e2cdcee2391 -> 
  custom:audio-encoder-webm-vorbis: bf7c407c2cedff20999df2af8eb42d56 -> 
  custom:container-demuxer-ogg: 62fdf1f143b41e24485cea50d1cbac27 -> 
  custom:video-decoder-webm-vp8: 9c59270c3fd7afecdb556c50c9e8de78 -> 
  custom:audio-decoder-ogg-vorbis: bf7c407c2cedff20999df2af8eb42d56 -> 
========================================================================
Received Import Request.
  Time since last request: 13473.768821 seconds.
  path: Assets/Modelos3D/Construcoes/Apartamentos_Destruido_01.fbx
  artifactKey: Guid(4d7a2731d4050f34eabb286a3b32ad3a) Importer(815301076,1909f56bfc062723c751e8b465ee728b)
Start importing Assets/Modelos3D/Construcoes/Apartamentos_Destruido_01.fbx using Guid(4d7a2731d4050f34eabb286a3b32ad3a) Importer(815301076,1909f56bfc062723c751e8b465ee728b)  -> (artifact id: '29f90e76834ab4f929a08fde2dcc5a19') in 2.458993 seconds 
========================================================================
Received Import Request.
  Time since last request: 0.076987 seconds.
  path: Assets/Modelos3D/Construcoes/Hospital_Entrada_Destruido.fbx
  artifactKey: Guid(2d707cb7ad733314b8c9d90377cefe8e) Importer(815301076,1909f56bfc062723c751e8b465ee728b)
Start importing Assets/Modelos3D/Construcoes/Hospital_Entrada_Destruido.fbx using Guid(2d707cb7ad733314b8c9d90377cefe8e) Importer(815301076,1909f56bfc062723c751e8b465ee728b)  -> (artifact id: '864c261869fa956f25166cb553cf98c9') in 0.161692 seconds 
========================================================================
Received Import Request.
  Time since last request: 0.000132 seconds.
  path: Assets/Modelos3D/Construcoes/Loja_Destruido_05.fbx
  artifactKey: Guid(fe53770ed6b19194b8554be96518aa8c) Importer(815301076,1909f56bfc062723c751e8b465ee728b)
Start importing Assets/Modelos3D/Construcoes/Loja_Destruido_05.fbx using Guid(fe53770ed6b19194b8554be96518aa8c) Importer(815301076,1909f56bfc062723c751e8b465ee728b)  -> (artifact id: '740407529a4993aec7f396fa38077daa') in 0.104751 seconds 
========================================================================
Received Import Request.
  Time since last request: 0.000104 seconds.
  path: Assets/Modelos3D/Construcoes/Predio_Apartamentos_Destruido.fbx
  artifactKey: Guid(633ca997228e0c14aaea4e1d41b6c808) Importer(815301076,1909f56bfc062723c751e8b465ee728b)
Start importing Assets/Modelos3D/Construcoes/Predio_Apartamentos_Destruido.fbx using Guid(633ca997228e0c14aaea4e1d41b6c808) Importer(815301076,1909f56bfc062723c751e8b465ee728b)  -> (artifact id: 'fcd7d3dacabf54cea7701c0d48928ddc') in 0.079259 seconds 
========================================================================
Received Import Request.
  Time since last request: 0.000152 seconds.
  path: Assets/Modelos3D/Construcoes/Posto_Gasolina_Destruido.fbx
  artifactKey: Guid(3a88d2adf0c69c0488b3d9dac7aeac31) Importer(815301076,1909f56bfc062723c751e8b465ee728b)
Start importing Assets/Modelos3D/Construcoes/Posto_Gasolina_Destruido.fbx using Guid(3a88d2adf0c69c0488b3d9dac7aeac31) Importer(815301076,1909f56bfc062723c751e8b465ee728b)  -> (artifact id: '1d7ac61820188552bb81e46a6926986c') in 0.244452 seconds 
========================================================================
Received Import Request.
  Time since last request: 0.000130 seconds.
  path: Assets/Modelos3D
  artifactKey: Guid(0daa03260beaa4700a0dfbc4c3927f04) Importer(815301076,1909f56bfc062723c751e8b465ee728b)
Start importing Assets/Modelos3D using Guid(0daa03260beaa4700a0dfbc4c3927f04) Importer(815301076,1909f56bfc062723c751e8b465ee728b)  -> (artifact id: '546d1979b4eec3a3d017650ae9be8cc5') in 0.001751 seconds 
========================================================================
Received Import Request.
  Time since last request: 0.000096 seconds.
  path: Assets/Modelos3D/Construcoes/Casa_Destruido.fbx
  artifactKey: Guid(ea24a2e3fdfe4a1408e7ec4730106ff5) Importer(815301076,1909f56bfc062723c751e8b465ee728b)
Start importing Assets/Modelos3D/Construcoes/Casa_Destruido.fbx using Guid(ea24a2e3fdfe4a1408e7ec4730106ff5) Importer(815301076,1909f56bfc062723c751e8b465ee728b)  -> (artifact id: '803bd6d97d3f7f642d98a2e54e8ff1a3') in 0.082993 seconds 
========================================================================
Received Import Request.
  Time since last request: 0.000078 seconds.
  path: Assets/Modelos3D/Construcoes/Predio_Destruido_01.fbx
  artifactKey: Guid(dd938844ff7284f4bb7895d5fb90913b) Importer(815301076,1909f56bfc062723c751e8b465ee728b)
Start importing Assets/Modelos3D/Construcoes/Predio_Destruido_01.fbx using Guid(dd938844ff7284f4bb7895d5fb90913b) Importer(815301076,1909f56bfc062723c751e8b465ee728b)  -> (artifact id: 'a5fb5982a1f67875bb21718930b89900') in 0.089045 seconds 
========================================================================
Received Import Request.
  Time since last request: 0.000081 seconds.
  path: Assets/Modelos3D/Construcoes/Hospital.fbx
  artifactKey: Guid(1912e53b746b43c41b0515793b68911c) Importer(815301076,1909f56bfc062723c751e8b465ee728b)
Start importing Assets/Modelos3D/Construcoes/Hospital.fbx using Guid(1912e53b746b43c41b0515793b68911c) Importer(815301076,1909f56bfc062723c751e8b465ee728b)  -> (artifact id: '3e59f6aef6ceead61261beb7a6413638') in 0.028943 seconds 
========================================================================
Received Import Request.
  Time since last request: 0.000072 seconds.
  path: Assets/Modelos3D/Construcoes/Loja_Destruido_06.fbx
  artifactKey: Guid(c1969dabf15ffa449add595846e2a473) Importer(815301076,1909f56bfc062723c751e8b465ee728b)
Start importing Assets/Modelos3D/Construcoes/Loja_Destruido_06.fbx using Guid(c1969dabf15ffa449add595846e2a473) Importer(815301076,1909f56bfc062723c751e8b465ee728b)  -> (artifact id: '2377cec336a0da4503eebeddd479ef05') in 0.137379 seconds 
========================================================================
Received Import Request.
  Time since last request: 0.000105 seconds.
  path: Assets/Modelos3D/Construcoes/Casa_Grande_Destruido_01.fbx
  artifactKey: Guid(fd96d2647bc61f446b2053fdf050cbde) Importer(815301076,1909f56bfc062723c751e8b465ee728b)
Start importing Assets/Modelos3D/Construcoes/Casa_Grande_Destruido_01.fbx using Guid(fd96d2647bc61f446b2053fdf050cbde) Importer(815301076,1909f56bfc062723c751e8b465ee728b)  -> (artifact id: '6e6c9c319f9f86ac7d1fc087e1c69e7f') in 0.275305 seconds 
========================================================================
Received Import Request.
  Time since last request: 0.000111 seconds.
  path: Assets/Modelos3D/Construcoes/Casa_Pequena_Destruido_01.fbx
  artifactKey: Guid(a72efe2a3c8eedd47944ff41dad85b36) Importer(815301076,1909f56bfc062723c751e8b465ee728b)
Start importing Assets/Modelos3D/Construcoes/Casa_Pequena_Destruido_01.fbx using Guid(a72efe2a3c8eedd47944ff41dad85b36) Importer(815301076,1909f56bfc062723c751e8b465ee728b)  -> (artifact id: '2b64cdd772ad54cf68833a3edaae6cca') in 0.228900 seconds 
========================================================================
Received Import Request.
  Time since last request: 0.000112 seconds.
  path: Assets/Modelos3D/Construcoes/Loja_Destruido_01.fbx
  artifactKey: Guid(26bb4e593a68c8645819a49130429f18) Importer(815301076,1909f56bfc062723c751e8b465ee728b)
Start importing Assets/Modelos3D/Construcoes/Loja_Destruido_01.fbx using Guid(26bb4e593a68c8645819a49130429f18) Importer(815301076,1909f56bfc062723c751e8b465ee728b)  -> (artifact id: 'a57ba90e540fa1d47e828db6e9e45343') in 0.115540 seconds 
========================================================================
Received Import Request.
  Time since last request: 0.000152 seconds.
  path: Assets/Modelos3D/Construcoes/Hotel_Destruido.fbx
  artifactKey: Guid(d79cb0350f78f2c4ca9d2bd41118bf2a) Importer(815301076,1909f56bfc062723c751e8b465ee728b)
Start importing Assets/Modelos3D/Construcoes/Hotel_Destruido.fbx using Guid(d79cb0350f78f2c4ca9d2bd41118bf2a) Importer(815301076,1909f56bfc062723c751e8b465ee728b)  -> (artifact id: '4c481419b2101ddb6320669a428bb137') in 0.146062 seconds 
========================================================================
Received Import Request.
  Time since last request: 0.000136 seconds.
  path: Assets/Modelos3D/Construcoes/LojaFerramentas_Destruido.fbx
  artifactKey: Guid(f8536a15368edda448408652a1608558) Importer(815301076,1909f56bfc062723c751e8b465ee728b)
Start importing Assets/Modelos3D/Construcoes/LojaFerramentas_Destruido.fbx using Guid(f8536a15368edda448408652a1608558) Importer(815301076,1909f56bfc062723c751e8b465ee728b)  -> (artifact id: '1b8d7d2139ff4f1404faa03b4fb6ea00') in 0.149517 seconds 
========================================================================
Received Import Request.
  Time since last request: 0.000118 seconds.
  path: Assets/Modelos3D/Construcoes/Hospital_Entrada.fbx
  artifactKey: Guid(8bd5db31b8ddce4449d18baca5f9896f) Importer(815301076,1909f56bfc062723c751e8b465ee728b)
Start importing Assets/Modelos3D/Construcoes/Hospital_Entrada.fbx using Guid(8bd5db31b8ddce4449d18baca5f9896f) Importer(815301076,1909f56bfc062723c751e8b465ee728b)  -> (artifact id: '5f5226f134741cec019fb35f108309d7') in 0.132495 seconds 
========================================================================
Received Import Request.
  Time since last request: 0.000111 seconds.
  path: Assets/Modelos3D/Construcoes/Predio_Comercial_Destruido_01.fbx
  artifactKey: Guid(6d5cf4cbc20e4d941ac3b789a9010f49) Importer(815301076,1909f56bfc062723c751e8b465ee728b)
Start importing Assets/Modelos3D/Construcoes/Predio_Comercial_Destruido_01.fbx using Guid(6d5cf4cbc20e4d941ac3b789a9010f49) Importer(815301076,1909f56bfc062723c751e8b465ee728b)  -> (artifact id: '152471ef2c7803778511f748a59d57e6') in 0.169169 seconds 
========================================================================
Received Import Request.
  Time since last request: 0.000111 seconds.
  path: Assets/Modelos3D/Construcoes/Predio_Comercial_Destruido_02.fbx
  artifactKey: Guid(73cdc8fc59604ff45b4dc907d6e6cbef) Importer(815301076,1909f56bfc062723c751e8b465ee728b)
Start importing Assets/Modelos3D/Construcoes/Predio_Comercial_Destruido_02.fbx using Guid(73cdc8fc59604ff45b4dc907d6e6cbef) Importer(815301076,1909f56bfc062723c751e8b465ee728b)  -> (artifact id: 'aee66d112ae3f9a34192b5d603df0df5') in 0.166164 seconds 
========================================================================
Received Import Request.
  Time since last request: 0.000106 seconds.
  path: Assets/Modelos3D/Construcoes/Predio_Comercial_Destruido_05.fbx
  artifactKey: Guid(590f2720cf3822f4c969793536df70a9) Importer(815301076,1909f56bfc062723c751e8b465ee728b)
Start importing Assets/Modelos3D/Construcoes/Predio_Comercial_Destruido_05.fbx using Guid(590f2720cf3822f4c969793536df70a9) Importer(815301076,1909f56bfc062723c751e8b465ee728b)  -> (artifact id: '00d2da7c05e5f77ba4e32c2fd860a694') in 0.149484 seconds 
========================================================================
Received Import Request.
  Time since last request: 0.000112 seconds.
  path: Assets/Modelos3D/Construcoes/Predio_Comercial_Destruido_06.fbx
  artifactKey: Guid(b067c34b0a8db684e898a4215599ef93) Importer(815301076,1909f56bfc062723c751e8b465ee728b)
Start importing Assets/Modelos3D/Construcoes/Predio_Comercial_Destruido_06.fbx using Guid(b067c34b0a8db684e898a4215599ef93) Importer(815301076,1909f56bfc062723c751e8b465ee728b)  -> (artifact id: '34f444c6e4c74dadfee1fb3c15ac6839') in 0.146321 seconds 
========================================================================
Received Import Request.
  Time since last request: 0.000074 seconds.
  path: Assets/Modelos3D/Construcoes/Apartamentos_Destruido_02.fbx
  artifactKey: Guid(5b0d29d4e03b0244283784fb8096dd72) Importer(815301076,1909f56bfc062723c751e8b465ee728b)
Start importing Assets/Modelos3D/Construcoes/Apartamentos_Destruido_02.fbx using Guid(5b0d29d4e03b0244283784fb8096dd72) Importer(815301076,1909f56bfc062723c751e8b465ee728b)  -> (artifact id: '399b01d7d1242f95a23e582ace93be7c') in 0.221660 seconds 
========================================================================
Received Import Request.
  Time since last request: 0.000111 seconds.
  path: Assets/Modelos3D/Construcoes/Casa_Media_Destruido_03.fbx
  artifactKey: Guid(b0f6cea7253b7fc48a7f72ceb5f06938) Importer(815301076,1909f56bfc062723c751e8b465ee728b)
Start importing Assets/Modelos3D/Construcoes/Casa_Media_Destruido_03.fbx using Guid(b0f6cea7253b7fc48a7f72ceb5f06938) Importer(815301076,1909f56bfc062723c751e8b465ee728b)  -> (artifact id: '77a0caaa811dc0be2064d3e78802fda8') in 0.340104 seconds 
========================================================================
Received Import Request.
  Time since last request: 0.000124 seconds.
  path: Assets/Modelos3D/Construcoes/Predio_Destruido_03.fbx
  artifactKey: Guid(803cefe7f62e4f0469cacd0b01850be8) Importer(815301076,1909f56bfc062723c751e8b465ee728b)
Start importing Assets/Modelos3D/Construcoes/Predio_Destruido_03.fbx using Guid(803cefe7f62e4f0469cacd0b01850be8) Importer(815301076,1909f56bfc062723c751e8b465ee728b)  -> (artifact id: '1ecdb5da3fe2e9de14e1a080dd9301dd') in 0.092721 seconds 
========================================================================
Received Import Request.
  Time since last request: 0.000100 seconds.
  path: Assets/Modelos3D/Construcoes/Casa_Pequena_Destruido_02.fbx
  artifactKey: Guid(fd2cbe126d4ce004c94709edaf9cd28e) Importer(815301076,1909f56bfc062723c751e8b465ee728b)
Start importing Assets/Modelos3D/Construcoes/Casa_Pequena_Destruido_02.fbx using Guid(fd2cbe126d4ce004c94709edaf9cd28e) Importer(815301076,1909f56bfc062723c751e8b465ee728b)  -> (artifact id: '547ae155beb15e8ed8a62ef6089c6fe1') in 0.256916 seconds 
========================================================================
Received Import Request.
  Time since last request: 0.000089 seconds.
  path: Assets/Modelos3D/Construcoes
  artifactKey: Guid(1edeba4b8853040808b576dc3aeb15f1) Importer(815301076,1909f56bfc062723c751e8b465ee728b)
Start importing Assets/Modelos3D/Construcoes using Guid(1edeba4b8853040808b576dc3aeb15f1) Importer(815301076,1909f56bfc062723c751e8b465ee728b)  -> (artifact id: '76d2afbab3b66ede2a939650ba6021b3') in 0.062726 seconds 
========================================================================
Received Import Request.
  Time since last request: 0.000113 seconds.
  path: Assets/Modelos3D/Construcoes/Casa_Grande_Destruido_02.fbx
  artifactKey: Guid(98acca1964a49aa43a862f9697f6c31a) Importer(815301076,1909f56bfc062723c751e8b465ee728b)
Start importing Assets/Modelos3D/Construcoes/Casa_Grande_Destruido_02.fbx using Guid(98acca1964a49aa43a862f9697f6c31a) Importer(815301076,1909f56bfc062723c751e8b465ee728b)  -> (artifact id: 'f1ae46a87cc6cc96cdd51938b98c723c') in 0.248988 seconds 
========================================================================
Received Import Request.
  Time since last request: 0.000112 seconds.
  path: Assets/Modelos3D/Construcoes/Casa_Pequena_Destruido_04.fbx
  artifactKey: Guid(d2e0696861e4e584e9b83c7a7f08bc53) Importer(815301076,1909f56bfc062723c751e8b465ee728b)
Start importing Assets/Modelos3D/Construcoes/Casa_Pequena_Destruido_04.fbx using Guid(d2e0696861e4e584e9b83c7a7f08bc53) Importer(815301076,1909f56bfc062723c751e8b465ee728b)  -> (artifact id: '142e35204bdc99172d7507cf592c796c') in 0.166826 seconds 
========================================================================
Received Import Request.
  Time since last request: 0.000104 seconds.
  path: Assets/Modelos3D/Construcoes/Casa_Destruido_01.fbx
  artifactKey: Guid(64b448a34782e2f4ebfa0551cad3c444) Importer(815301076,1909f56bfc062723c751e8b465ee728b)
Start importing Assets/Modelos3D/Construcoes/Casa_Destruido_01.fbx using Guid(64b448a34782e2f4ebfa0551cad3c444) Importer(815301076,1909f56bfc062723c751e8b465ee728b)  -> (artifact id: '42097faf65ec62d668fb642160ab86f8') in 0.129997 seconds 
========================================================================
Received Import Request.
  Time since last request: 0.000115 seconds.
  path: Assets/Modelos3D/Construcoes/Fonte.fbx
  artifactKey: Guid(73ea2a9491c908b43a9ace253b38a134) Importer(815301076,1909f56bfc062723c751e8b465ee728b)
Start importing Assets/Modelos3D/Construcoes/Fonte.fbx using Guid(73ea2a9491c908b43a9ace253b38a134) Importer(815301076,1909f56bfc062723c751e8b465ee728b)  -> (artifact id: '3a528c3d1f568056cceae0d5fd456728') in 0.054370 seconds 
========================================================================
Received Import Request.
  Time since last request: 0.000109 seconds.
  path: Assets/Modelos3D/Construcoes/Predio_Destruido_02.fbx
  artifactKey: Guid(5a8685150ecdc344293810a8541df82d) Importer(815301076,1909f56bfc062723c751e8b465ee728b)
Start importing Assets/Modelos3D/Construcoes/Predio_Destruido_02.fbx using Guid(5a8685150ecdc344293810a8541df82d) Importer(815301076,1909f56bfc062723c751e8b465ee728b)  -> (artifact id: '865d673e3773acc581143622e5dbd134') in 0.109629 seconds 
========================================================================
Received Import Request.
  Time since last request: 0.000134 seconds.
  path: Assets/Modelos3D/Construcoes/Casa_Alta_Destruido_03.fbx
  artifactKey: Guid(91b3e2311b1731a4ea8d461459c810c9) Importer(815301076,1909f56bfc062723c751e8b465ee728b)
Start importing Assets/Modelos3D/Construcoes/Casa_Alta_Destruido_03.fbx using Guid(91b3e2311b1731a4ea8d461459c810c9) Importer(815301076,1909f56bfc062723c751e8b465ee728b)  -> (artifact id: '4441efaa213a8ee7175af7e40789b91d') in 0.108541 seconds 
========================================================================
Received Import Request.
  Time since last request: 0.000106 seconds.
  path: Assets/Modelos3D/Construcoes/Loja_Destruido_02.fbx
  artifactKey: Guid(82ef6a514637d064990b77c58a0444a7) Importer(815301076,1909f56bfc062723c751e8b465ee728b)
Start importing Assets/Modelos3D/Construcoes/Loja_Destruido_02.fbx using Guid(82ef6a514637d064990b77c58a0444a7) Importer(815301076,1909f56bfc062723c751e8b465ee728b)  -> (artifact id: '9358e8dba22d47f856e22747eed790d1') in 0.083237 seconds 
========================================================================
Received Import Request.
  Time since last request: 0.000073 seconds.
  path: Assets/Modelos3D/Construcoes/Hospital_Destruido.fbx
  artifactKey: Guid(655dd9d65d925f34887f6593da809b0e) Importer(815301076,1909f56bfc062723c751e8b465ee728b)
Start importing Assets/Modelos3D/Construcoes/Hospital_Destruido.fbx using Guid(655dd9d65d925f34887f6593da809b0e) Importer(815301076,1909f56bfc062723c751e8b465ee728b)  -> (artifact id: 'a9859301d588b9fe1255fb4c3de6bca5') in 0.157302 seconds 
========================================================================
Received Import Request.
  Time since last request: 0.000143 seconds.
  path: Assets/Modelos3D/Construcoes/Casa_Media_Destruido_02.fbx
  artifactKey: Guid(d6e09581ac17b344cadd878fd0b55fb1) Importer(815301076,1909f56bfc062723c751e8b465ee728b)
Start importing Assets/Modelos3D/Construcoes/Casa_Media_Destruido_02.fbx using Guid(d6e09581ac17b344cadd878fd0b55fb1) Importer(815301076,1909f56bfc062723c751e8b465ee728b)  -> (artifact id: '9d2337825460373481d0bf77dc84a315') in 0.119105 seconds 
========================================================================
Received Import Request.
  Time since last request: 0.000081 seconds.
  path: Assets/Modelos3D/Construcoes/Casa_Pequena_Destruido_03.fbx
  artifactKey: Guid(aa695f646ee86e6499146a7681e77025) Importer(815301076,1909f56bfc062723c751e8b465ee728b)
Start importing Assets/Modelos3D/Construcoes/Casa_Pequena_Destruido_03.fbx using Guid(aa695f646ee86e6499146a7681e77025) Importer(815301076,1909f56bfc062723c751e8b465ee728b)  -> (artifact id: '814960bc1730b38da61915e760830967') in 0.150114 seconds 
========================================================================
Received Import Request.
  Time since last request: 0.039714 seconds.
  path: Assets/Modelos3D/Construcoes/Predio_Comercial_Destruido_07.fbx
  artifactKey: Guid(b5130c0a683047d4ca0e1c79a64d08b6) Importer(815301076,1909f56bfc062723c751e8b465ee728b)
Start importing Assets/Modelos3D/Construcoes/Predio_Comercial_Destruido_07.fbx using Guid(b5130c0a683047d4ca0e1c79a64d08b6) Importer(815301076,1909f56bfc062723c751e8b465ee728b)  -> (artifact id: '594741ea9e43c879ade288ff03df57d8') in 0.472798 seconds 
========================================================================
Received Import Request.
  Time since last request: 0.000118 seconds.
  path: Assets/Modelos3D/Construcoes/Cafeteria_Destruido.fbx
  artifactKey: Guid(fb05055bdf7d393469f036a23dbcc0f7) Importer(815301076,1909f56bfc062723c751e8b465ee728b)
Start importing Assets/Modelos3D/Construcoes/Cafeteria_Destruido.fbx using Guid(fb05055bdf7d393469f036a23dbcc0f7) Importer(815301076,1909f56bfc062723c751e8b465ee728b)  -> (artifact id: '4ac540f7c3824e4127aae4f7de70b929') in 0.416782 seconds 
========================================================================
Received Import Request.
  Time since last request: 0.000094 seconds.
  path: Assets/Modelos3D/Construcoes/Predio_Comercial_Destruido_03.fbx
  artifactKey: Guid(f2b229a4cf7f3304a97f6f7dbac5ce76) Importer(815301076,1909f56bfc062723c751e8b465ee728b)
Start importing Assets/Modelos3D/Construcoes/Predio_Comercial_Destruido_03.fbx using Guid(f2b229a4cf7f3304a97f6f7dbac5ce76) Importer(815301076,1909f56bfc062723c751e8b465ee728b)  -> (artifact id: '5b9ac6957860cf282185754ea9dabf72') in 0.059782 seconds 
========================================================================
Received Import Request.
  Time since last request: 0.000107 seconds.
  path: Assets/Modelos3D/Construcoes/Casa_Destruido_02.fbx
  artifactKey: Guid(7bcc93c8b02ea7842867283faba505ac) Importer(815301076,1909f56bfc062723c751e8b465ee728b)
Start importing Assets/Modelos3D/Construcoes/Casa_Destruido_02.fbx using Guid(7bcc93c8b02ea7842867283faba505ac) Importer(815301076,1909f56bfc062723c751e8b465ee728b)  -> (artifact id: '195a627b4b3b4cf0b4a60411c44da86f') in 0.087514 seconds 
========================================================================
Received Import Request.
  Time since last request: 0.000112 seconds.
  path: Assets/Modelos3D/Construcoes/Casa_Alta_Destruido_01.fbx
  artifactKey: Guid(75abd7c7b52495f40a4de872d31c4118) Importer(815301076,1909f56bfc062723c751e8b465ee728b)
Start importing Assets/Modelos3D/Construcoes/Casa_Alta_Destruido_01.fbx using Guid(75abd7c7b52495f40a4de872d31c4118) Importer(815301076,1909f56bfc062723c751e8b465ee728b)  -> (artifact id: '352ca396b752e831c4c80773d9a4a361') in 0.086085 seconds 
========================================================================
Received Import Request.
  Time since last request: 0.000118 seconds.
  path: Assets/Modelos3D/Construcoes/GaleriaDeLojas_Destruido.fbx
  artifactKey: Guid(c006577ec5ad7d9479857dd229e902dd) Importer(815301076,1909f56bfc062723c751e8b465ee728b)
Start importing Assets/Modelos3D/Construcoes/GaleriaDeLojas_Destruido.fbx using Guid(c006577ec5ad7d9479857dd229e902dd) Importer(815301076,1909f56bfc062723c751e8b465ee728b)  -> (artifact id: '56dfb60ffb8ed7ee1278daed62a8762f') in 0.054054 seconds 
========================================================================
Received Import Request.
  Time since last request: 0.000107 seconds.
  path: Assets/Modelos3D/Construcoes/Predio_Comercial_Destruido_04.fbx
  artifactKey: Guid(0cdb702fc8e15b648b0be1a29cb3dc91) Importer(815301076,1909f56bfc062723c751e8b465ee728b)
Start importing Assets/Modelos3D/Construcoes/Predio_Comercial_Destruido_04.fbx using Guid(0cdb702fc8e15b648b0be1a29cb3dc91) Importer(815301076,1909f56bfc062723c751e8b465ee728b)  -> (artifact id: '7e537c2ac5d79b7f9bce75e38e8ae10c') in 0.112917 seconds 
========================================================================
Received Import Request.
  Time since last request: 0.000082 seconds.
  path: Assets/Modelos3D/Construcoes/Loja_Destruido_07.fbx
  artifactKey: Guid(4b67c214b804be1468198de7ca29c53d) Importer(815301076,1909f56bfc062723c751e8b465ee728b)
Start importing Assets/Modelos3D/Construcoes/Loja_Destruido_07.fbx using Guid(4b67c214b804be1468198de7ca29c53d) Importer(815301076,1909f56bfc062723c751e8b465ee728b)  -> (artifact id: '1e2fa8912d36171206e2afe4547d67fc') in 0.077873 seconds 
========================================================================
Received Import Request.
  Time since last request: 0.000112 seconds.
  path: Assets/Modelos3D/Construcoes/Hotel_Secundario_Destruido.fbx
  artifactKey: Guid(833a86cb485eddc408c979d6e2f581c3) Importer(815301076,1909f56bfc062723c751e8b465ee728b)
Start importing Assets/Modelos3D/Construcoes/Hotel_Secundario_Destruido.fbx using Guid(833a86cb485eddc408c979d6e2f581c3) Importer(815301076,1909f56bfc062723c751e8b465ee728b)  -> (artifact id: 'b6805a6706674b6b12d7d3a6eb4b3dfc') in 0.105113 seconds 
========================================================================
Received Import Request.
  Time since last request: 0.000104 seconds.
  path: Assets/Modelos3D/Construcoes/Hotel_Placa.fbx
  artifactKey: Guid(657938e38744f3944b9cd40b23129791) Importer(815301076,1909f56bfc062723c751e8b465ee728b)
Start importing Assets/Modelos3D/Construcoes/Hotel_Placa.fbx using Guid(657938e38744f3944b9cd40b23129791) Importer(815301076,1909f56bfc062723c751e8b465ee728b)  -> (artifact id: 'b222c02b5c3fb3c03ecc24a2444508a3') in 0.053667 seconds 
========================================================================
Received Import Request.
  Time since last request: 0.000114 seconds.
  path: Assets/Modelos3D/Construcoes/Casa_Media_Destruido_01.fbx
  artifactKey: Guid(f69f0d0835848ff459d6e0d6182aac9e) Importer(815301076,1909f56bfc062723c751e8b465ee728b)
Start importing Assets/Modelos3D/Construcoes/Casa_Media_Destruido_01.fbx using Guid(f69f0d0835848ff459d6e0d6182aac9e) Importer(815301076,1909f56bfc062723c751e8b465ee728b)  -> (artifact id: 'dc6b6847343f5feaf94c2373d266cbc3') in 0.057533 seconds 
========================================================================
Received Import Request.
  Time since last request: 0.000111 seconds.
  path: Assets/Modelos3D/Construcoes/Predio_Comercial_Destruido_08.fbx
  artifactKey: Guid(b343ab44dadde784ea46cf045aa20e4a) Importer(815301076,1909f56bfc062723c751e8b465ee728b)
Start importing Assets/Modelos3D/Construcoes/Predio_Comercial_Destruido_08.fbx using Guid(b343ab44dadde784ea46cf045aa20e4a) Importer(815301076,1909f56bfc062723c751e8b465ee728b)  -> (artifact id: '55a0cdaf9a89abaede56e24459731103') in 0.043789 seconds 
========================================================================
Received Import Request.
  Time since last request: 0.000108 seconds.
  path: Assets/Modelos3D/Construcoes/Hotel_Estacionamento_Destruido.fbx
  artifactKey: Guid(b1774bd68b7e19545aa0aa03f5d6a8ec) Importer(815301076,1909f56bfc062723c751e8b465ee728b)
Start importing Assets/Modelos3D/Construcoes/Hotel_Estacionamento_Destruido.fbx using Guid(b1774bd68b7e19545aa0aa03f5d6a8ec) Importer(815301076,1909f56bfc062723c751e8b465ee728b)  -> (artifact id: '6b3a303c71a50550e30f573f58a769ea') in 0.034927 seconds 
========================================================================
Received Import Request.
  Time since last request: 0.000074 seconds.
  path: Assets/Modelos3D/Construcoes/Apartamentos_Grande_Destruido_01.fbx
  artifactKey: Guid(04aa6e58563c66849a09813d4ad0700a) Importer(815301076,1909f56bfc062723c751e8b465ee728b)
Start importing Assets/Modelos3D/Construcoes/Apartamentos_Grande_Destruido_01.fbx using Guid(04aa6e58563c66849a09813d4ad0700a) Importer(815301076,1909f56bfc062723c751e8b465ee728b)  -> (artifact id: '8b985100d4143142aad028f803fb7486') in 0.103468 seconds 
========================================================================
Received Import Request.
  Time since last request: 0.000111 seconds.
  path: Assets/Modelos3D/Construcoes/Loja_Destruido_04.fbx
  artifactKey: Guid(51a2dc083879e5b4abd9154e8382f6fb) Importer(815301076,1909f56bfc062723c751e8b465ee728b)
Start importing Assets/Modelos3D/Construcoes/Loja_Destruido_04.fbx using Guid(51a2dc083879e5b4abd9154e8382f6fb) Importer(815301076,1909f56bfc062723c751e8b465ee728b)  -> (artifact id: '6318580799a2ebce6e1462b2c297c0d7') in 0.077370 seconds 
========================================================================
Received Import Request.
  Time since last request: 0.000120 seconds.
  path: Assets/Modelos3D/Construcoes/Loja_Destruido_03.fbx
  artifactKey: Guid(2ce60af90d5bc3b458345e37f3282e54) Importer(815301076,1909f56bfc062723c751e8b465ee728b)
Start importing Assets/Modelos3D/Construcoes/Loja_Destruido_03.fbx using Guid(2ce60af90d5bc3b458345e37f3282e54) Importer(815301076,1909f56bfc062723c751e8b465ee728b)  -> (artifact id: 'e417cd53c6c21aa7aa068d96dae0d372') in 0.066078 seconds 
========================================================================
Received Import Request.
  Time since last request: 0.000171 seconds.
  path: Assets/Modelos3D/Construcoes/Posto_Policial_Destruido.fbx
  artifactKey: Guid(d7491f0a92c500240af62a266a6e0b68) Importer(815301076,1909f56bfc062723c751e8b465ee728b)
Start importing Assets/Modelos3D/Construcoes/Posto_Policial_Destruido.fbx using Guid(d7491f0a92c500240af62a266a6e0b68) Importer(815301076,1909f56bfc062723c751e8b465ee728b)  -> (artifact id: 'e8b1d54380ba9277b3a191ea85cdc399') in 0.187686 seconds 
========================================================================
Received Import Request.
  Time since last request: 0.000110 seconds.
  path: Assets/Modelos3D/Construcoes/Casa_Alta_Destruido_02.fbx
  artifactKey: Guid(54d965780fdd2d143ad88b2f34bdaaa5) Importer(815301076,1909f56bfc062723c751e8b465ee728b)
Start importing Assets/Modelos3D/Construcoes/Casa_Alta_Destruido_02.fbx using Guid(54d965780fdd2d143ad88b2f34bdaaa5) Importer(815301076,1909f56bfc062723c751e8b465ee728b)  -> (artifact id: '6e49e38d92c63bd6c2a1402ba2e17261') in 0.160114 seconds 
